1524799527643	geckodriver	INFO	geckodriver 0.19.1
1524799527654	geckodriver	INFO	Listening on 127.0.0.1:9335
1524799531176	mozrunner::runner	INFO	Running command: "C:\\Program Files\\Firefox Developer Edition\\firefox.exe" "-marionette" "-profile" "C:\\Users\\admin\\AppData\\Local\\Temp\\rust_mozprofile.BCtMxVE1XEXh"
Unable to read VR Path Registry from C:\Users\admin\AppData\Local\openvr\openvrpaths.vrpath
[Parent 16608, Gecko_IOThread] WARNING: pipe error: 109: file z:/build/build/src/ipc/chromium/src/chrome/common/ipc_channel_win.cc, line 346
Unable to read VR Path Registry from C:\Users\admin\AppData\Local\openvr\openvrpaths.vrpath
[Child 15852, Chrome_ChildThread] WARNING: pipe error: 109: file z:/build/build/src/ipc/chromium/src/chrome/common/ipc_channel_win.cc, line 346
[Child 15852, Chrome_ChildThread] WARNING: pipe error: 109: file z:/build/build/src/ipc/chromium/src/chrome/common/ipc_channel_win.cc, line 346
1524799545281	Marionette	INFO	Listening on port 9362
1524799545586	Marionette	WARN	TLS certificate errors will be ignored for this session
Unable to read VR Path Registry from C:\Users\admin\AppData\Local\openvr\openvrpaths.vrpath
[Child 16520, Chrome_ChildThread] WARNING: pipe error: 109: file z:/build/build/src/ipc/chromium/src/chrome/common/ipc_channel_win.cc, line 346
Unable to read VR Path Registry from C:\Users\admin\AppData\Local\openvr\openvrpaths.vrpath
[Child 12868, Chrome_ChildThread] WARNING: pipe error: 109: file z:/build/build/src/ipc/chromium/src/chrome/common/ipc_channel_win.cc, line 346
*** UTM:SVC TimerManager:registerTimer called after profile-before-change notification. Ignoring timer registration for id: telemetry_modules_ping
1525245150690	geckodriver	INFO	geckodriver 0.19.1
1525245150702	geckodriver	INFO	Listening on 127.0.0.1:5001
1525245153595	mozrunner::runner	INFO	Running command: "C:\\Program Files\\Firefox Developer Edition\\firefox.exe" "-marionette" "-profile" "C:\\Users\\admin\\AppData\\Local\\Temp\\rust_mozprofile.kBxvBFBr7wmb"
Unable to read VR Path Registry from C:\Users\admin\AppData\Local\openvr\openvrpaths.vrpath
[Child 7852, Chrome_ChildThread] WARNING: pipe error: 109: file z:/build/build/src/ipc/chromium/src/chrome/common/ipc_channel_win.cc, line 346
[Child 7852, Chrome_ChildThread] WARNING: pipe error: 109: file z:/build/build/src/ipc/chromium/src/chrome/common/ipc_channel_win.cc, line 346
1525245167285	Marionette	INFO	Listening on port 5012
1525245167401	Marionette	WARN	TLS certificate errors will be ignored for this session
Unable to read VR Path Registry from C:\Users\admin\AppData\Local\openvr\openvrpaths.vrpath
JavaScript warning: https://qijubang.cqbornsoft.com/html/js/jquery.min.js, line 1: Using //@ to indicate sourceMappingURL pragmas is deprecated. Use //# instead
JavaScript warning: https://qijubang.cqbornsoft.com/html/js/jquery.min.js, line 1: Using //@ to indicate sourceMappingURL pragmas is deprecated. Use //# instead
JavaScript warning: https://qijubang.cqbornsoft.com/html/js/jquery.min.js, line 1: Using //@ to indicate sourceMappingURL pragmas is deprecated. Use //# instead
JavaScript warning: https://qijubang.cqbornsoft.com/html/js/jquery.min.js, line 1: Using //@ to indicate sourceMappingURL pragmas is deprecated. Use //# instead
JavaScript warning: https://qijubang.cqbornsoft.com/html/js/jquery.min.js, line 1: Using //@ to indicate sourceMappingURL pragmas is deprecated. Use //# instead
JavaScript warning: https://qijubang.cqbornsoft.com/html/js/jquery.min.js, line 1: Using //@ to indicate sourceMappingURL pragmas is deprecated. Use //# instead
JavaScript warning: https://qijubang.cqbornsoft.com/html/js/jquery.min.js, line 1: Using //@ to indicate sourceMappingURL pragmas is deprecated. Use //# instead
JavaScript warning: https://qijubang.cqbornsoft.com/html/js/jquery.min.js, line 1: Using //@ to indicate sourceMappingURL pragmas is deprecated. Use //# instead
IPDL protocol error: Handler returned error code!

###!!! [Parent][DispatchAsyncMessage] Error: PLayerTransaction::Msg_ReleaseLayer Processing error: message was deserialized, but the handler returned false (indicating failure)

